<?xml version="1.0" encoding="UTF-8"?>
<!-- Generated by org.testng.reporters.JUnitXMLReporter -->
<testsuite ignored="0" hostname="LAPTOP-T7PI7EN2" failures="0" tests="4" name="Test" time="7.752" errors="0" timestamp="2024-02-02T12:52:57 IST">
  <testcase classname="core.Page" name="@AfterTest afterTest" time="0.0">
    <failure type="java.lang.AssertionError" message="The following asserts failed:
	expected [invalid uid] but found [We cannot find an account with that email address]">
      <![CDATA[java.lang.AssertionError: The following asserts failed:
expected [invalid uid] but found [We cannot find an account with that email address]
at core.Page.afterTest(Page.java:68)
... Removed 26 stack frames]]>
    </failure>
  </testcase> <!-- @AfterTest afterTest -->
  <testcase classname="testcases.LoginTest" name="login" time="2.226"/>
  <testcase classname="testcases.Shop" name="addtokart" time="0.002"/>
  <testcase classname="testcases.Shop" name="addtokart" time="0.0"/>
  <testcase classname="testcases.Shop" name="addtokart" time="0.002"/>
</testsuite> <!-- Test -->
