<?xml version="1.0" encoding="UTF-8"?>
<testng-results ignored="0" total="4" passed="4" failed="0" skipped="0">
  <reporter-output>
  </reporter-output>
  <suite started-at="2024-02-02T12:52:49 IST" name="Suite" finished-at="2024-02-02T12:52:57 IST" duration-ms="7752">
    <groups>
    </groups>
    <test started-at="2024-02-02T12:52:49 IST" name="Test" finished-at="2024-02-02T12:52:57 IST" duration-ms="7752">
      <class name="testcases.LoginTest">
        <test-method is-config="true" signature="beforeTest(java.lang.String,java.lang.String,java.lang.String)[pri:0, instance:testcases.LoginTest@51e69659]" started-at="2024-02-02T12:52:49 IST" name="beforeTest" finished-at="2024-02-02T12:52:54 IST" duration-ms="4703" status="PASS">
          <params>
            <param index="0">
              <value>
                <![CDATA[chrome]]>
              </value>
            </param>
            <param index="1">
              <value>
                <![CDATA[https://www.amazon.in/]]>
              </value>
            </param>
            <param index="2">
              <value>
                <![CDATA[AmazonReport]]>
              </value>
            </param>
          </params>
          <reporter-output>
          </reporter-output>
        </test-method> <!-- beforeTest -->
        <test-method signature="login()[pri:0, instance:testcases.LoginTest@51e69659]" started-at="2024-02-02T12:52:54 IST" name="login" finished-at="2024-02-02T12:52:56 IST" duration-ms="2226" status="PASS">
          <reporter-output>
          </reporter-output>
        </test-method> <!-- login -->
        <test-method is-config="true" signature="afterTest()[pri:0, instance:testcases.LoginTest@51e69659]" started-at="2024-02-02T12:52:57 IST" name="afterTest" finished-at="2024-02-02T12:52:57 IST" duration-ms="0" status="FAIL">
          <exception class="java.lang.AssertionError">
            <message>
              <![CDATA[The following asserts failed:
expected [invalid uid] but found [We cannot find an account with that email address]]]>
            </message>
            <full-stacktrace>
              <![CDATA[java.lang.AssertionError: The following asserts failed:
expected [invalid uid] but found [We cannot find an account with that email address]
at org.testng.asserts.SoftAssert.assertAll(SoftAssert.java:47)
at org.testng.asserts.SoftAssert.assertAll(SoftAssert.java:31)
at core.Page.afterTest(Page.java:68)
at java.base/jdk.internal.reflect.NativeMethodAccessorImpl.invoke0(Native Method)
at java.base/jdk.internal.reflect.NativeMethodAccessorImpl.invoke(NativeMethodAccessorImpl.java:77)
at java.base/jdk.internal.reflect.DelegatingMethodAccessorImpl.invoke(DelegatingMethodAccessorImpl.java:43)
at java.base/java.lang.reflect.Method.invoke(Method.java:568)
at org.testng.internal.MethodInvocationHelper.invokeMethod(MethodInvocationHelper.java:133)
at org.testng.internal.MethodInvocationHelper.invokeMethodConsideringTimeout(MethodInvocationHelper.java:62)
at org.testng.internal.ConfigInvoker.invokeConfigurationMethod(ConfigInvoker.java:385)
at org.testng.internal.ConfigInvoker.invokeConfigurations(ConfigInvoker.java:321)
at org.testng.TestRunner.invokeTestConfigurations(TestRunner.java:637)
at org.testng.TestRunner.afterRun(TestRunner.java:877)
at org.testng.TestRunner.run(TestRunner.java:599)
at org.testng.SuiteRunner.runTest(SuiteRunner.java:377)
at org.testng.SuiteRunner.runSequentially(SuiteRunner.java:371)
at org.testng.SuiteRunner.privateRun(SuiteRunner.java:332)
at org.testng.SuiteRunner.run(SuiteRunner.java:276)
at org.testng.SuiteRunnerWorker.runSuite(SuiteRunnerWorker.java:53)
at org.testng.SuiteRunnerWorker.run(SuiteRunnerWorker.java:96)
at org.testng.TestNG.runSuitesSequentially(TestNG.java:1212)
at org.testng.TestNG.runSuitesLocally(TestNG.java:1134)
at org.testng.TestNG.runSuites(TestNG.java:1063)
at org.testng.TestNG.run(TestNG.java:1031)
at org.testng.remote.AbstractRemoteTestNG.run(AbstractRemoteTestNG.java:115)
at org.testng.remote.RemoteTestNG.initAndRun(RemoteTestNG.java:251)
at org.testng.remote.RemoteTestNG.main(RemoteTestNG.java:77)
]]>
            </full-stacktrace>
          </exception> <!-- java.lang.AssertionError -->
          <reporter-output>
          </reporter-output>
        </test-method> <!-- afterTest -->
      </class> <!-- testcases.LoginTest -->
      <class name="testcases.Shop">
        <test-method signature="addtokart(java.lang.String,java.lang.String)[pri:0, instance:testcases.Shop@27f981c6]" started-at="2024-02-02T12:52:57 IST" name="addtokart" data-provider="getData" finished-at="2024-02-02T12:52:57 IST" duration-ms="2" status="PASS">
          <params>
            <param index="0">
              <value>
                <![CDATA[Mobile]]>
              </value>
            </param>
            <param index="1">
              <value>
                <![CDATA[//*[text() = 'POCO C51 (Royal Blue, 6GB RAM, 128GB Storage)']]]>
              </value>
            </param>
          </params>
          <reporter-output>
          </reporter-output>
        </test-method> <!-- addtokart -->
        <test-method signature="addtokart(java.lang.String,java.lang.String)[pri:0, instance:testcases.Shop@27f981c6]" started-at="2024-02-02T12:52:57 IST" name="addtokart" data-provider="getData" finished-at="2024-02-02T12:52:57 IST" duration-ms="0" status="PASS">
          <params>
            <param index="0">
              <value>
                <![CDATA[LCD]]>
              </value>
            </param>
            <param index="1">
              <value>
                <![CDATA[//*[text() = 'shirt C51 (Royal Blue, 6GB RAM, 128GB Storage)']]]>
              </value>
            </param>
          </params>
          <reporter-output>
          </reporter-output>
        </test-method> <!-- addtokart -->
        <test-method signature="addtokart(java.lang.String,java.lang.String)[pri:0, instance:testcases.Shop@27f981c6]" started-at="2024-02-02T12:52:57 IST" name="addtokart" data-provider="getData" finished-at="2024-02-02T12:52:57 IST" duration-ms="2" status="PASS">
          <params>
            <param index="0">
              <value>
                <![CDATA[Shirt]]>
              </value>
            </param>
            <param index="1">
              <value>
                <![CDATA[//*[text() = 'lcd C51 (Royal Blue, 6GB RAM, 128GB Storage)']]]>
              </value>
            </param>
          </params>
          <reporter-output>
          </reporter-output>
        </test-method> <!-- addtokart -->
      </class> <!-- testcases.Shop -->
    </test> <!-- Test -->
  </suite> <!-- Suite -->
</testng-results>
